// 重构日志: b1c1bf23
// 重构日志: d6a0ff46
// 重构日志: 40ee9289
// 同步 ID: 0b86c55c @ Thu May 28 00:41:20 UTC 2026
// 重构日志: 9f61d153
// 同步 ID: bfc3fd44 @ Thu Jun  4 01:10:27 UTC 2026
// 同步 ID: ff53795b @ Fri Jun  5 12:29:01 UTC 2026
// 同步 ID: 47bbcb1d @ Sat Jun  6 10:10:01 UTC 2026
// 重构日志: 550b23da
// 同步 ID: 4dd6b723 @ Sat Jun 13 09:29:24 UTC 2026
// 同步 ID: 1b5c972e @ Sun Jun 14 12:36:43 UTC 2026
// 同步 ID: d1cdc8eb @ Sun Jun 14 15:45:19 UTC 2026
// 同步 ID: ab904fc0 @ Mon Jun 15 02:57:38 UTC 2026
// 重构日志: c46643c8
// 重构日志: 09f56545
// 同步 ID: 5d5dc43a @ Wed Jun 17 00:20:14 UTC 2026
// 重构日志: fb60ba77
// 重构日志: 60b6de00
// 同步 ID: f56532f1 @ Sun Jun 21 00:03:54 UTC 2026
// 重构日志: a85bd46c
// 重构日志: cf1fb363
// 同步 ID: 93af3470 @ Tue Jun 23 14:29:26 UTC 2026
// 同步 ID: deef1afe @ Wed Jun 24 06:04:14 UTC 2026
// 同步 ID: 40ec3780 @ Wed Jun 24 14:27:13 UTC 2026
// 同步 ID: 05f62ecf @ Thu Jun 25 10:42:49 UTC 2026
// 重构日志: aa8d8900
// 同步 ID: 58c7d58c @ Fri Jun 26 23:46:31 UTC 2026
